
[31/03/13 04:49:03][]
	E_USER_NOTICE - Class Smarty_Internal_Data not foun in libraries folder. File: C:\xampp\htdocs\engineWerneck\lib/Smarty_Internal_Data.class.php inexistent CALLED ON ./core\autoloads.php LINE 31 [backtrace: ] [context: Array]
	E_NOTICE - Undefined index: data CALLED ON ./core\Controller.class.php LINE 36 [backtrace: ] [context: Array]
	E_WARNING - Invalid argument supplied for foreach() CALLED ON ./core\Controller.class.php LINE 78 [backtrace: ] [context: Array]
	E_USER_WARNING - Variével contendo o nome da view não definida! CALLED ON ./core\View.class.php LINE 223 [backtrace: ] [context: Array]
[31/03/13 04:52:47][]
	E_USER_NOTICE - Class Smarty_Internal_Data not foun in libraries folder. File: C:\xampp\htdocs\engineWerneck\lib/Smarty_Internal_Data.class.php inexistent CALLED ON ./core\autoloads.php LINE 31 [backtrace: ] [context: Array]
	E_NOTICE - Undefined index: data CALLED ON ./core\Controller.class.php LINE 36 [backtrace: ] [context: Array]
	E_WARNING - Invalid argument supplied for foreach() CALLED ON ./core\Controller.class.php LINE 78 [backtrace: ] [context: Array]
	E_USER_NOTICE - Class Smarty_Internal_Template not foun in libraries folder. File: C:\xampp\htdocs\engineWerneck\lib/Smarty_Internal_Template.class.php inexistent CALLED ON ./core\autoloads.php LINE 31 [backtrace: ] [context: Array]
	E_USER_NOTICE - Class Smarty_Internal_Resource_File not foun in libraries folder. File: C:\xampp\htdocs\engineWerneck\lib/Smarty_Internal_Resource_File.class.php inexistent CALLED ON ./core\autoloads.php LINE 31 [backtrace: ] [context: Array]
	E_USER_NOTICE - Class Smarty_Internal_TemplateCompilerBase not foun in libraries folder. File: C:\xampp\htdocs\engineWerneck\lib/Smarty_Internal_TemplateCompilerBase.class.php inexistent CALLED ON ./core\autoloads.php LINE 31 [backtrace: ] [context: Array]
	E_USER_NOTICE - Class Smarty_Internal_Templatelexer not foun in libraries folder. File: C:\xampp\htdocs\engineWerneck\lib/Smarty_Internal_Templatelexer.class.php inexistent CALLED ON ./core\autoloads.php LINE 31 [backtrace: ] [context: Array]
	E_USER_NOTICE - Class Smarty_Internal_Templateparser not foun in libraries folder. File: C:\xampp\htdocs\engineWerneck\lib/Smarty_Internal_Templateparser.class.php inexistent CALLED ON ./core\autoloads.php LINE 31 [backtrace: ] [context: Array]
	E_USER_NOTICE - Class Smarty_Internal_Write_File not foun in libraries folder. File: C:\xampp\htdocs\engineWerneck\lib/Smarty_Internal_Write_File.class.php inexistent CALLED ON ./core\autoloads.php LINE 31 [backtrace: ] [context: Array]
[31/03/13 04:59:19][]
	E_USER_NOTICE - Class Smarty_Internal_Data not foun in libraries folder. File: C:\xampp\htdocs\engineWerneck\lib/Smarty_Internal_Data.class.php inexistent CALLED ON ./core\autoloads.php LINE 31 [backtrace: ] [context: Array]
	E_NOTICE - Undefined index: data CALLED ON ./core\Controller.class.php LINE 36 [backtrace: ] [context: Array]
	E_WARNING - Invalid argument supplied for foreach() CALLED ON ./core\Controller.class.php LINE 78 [backtrace: ] [context: Array]
	E_USER_NOTICE - Class Smarty_Internal_Template not foun in libraries folder. File: C:\xampp\htdocs\engineWerneck\lib/Smarty_Internal_Template.class.php inexistent CALLED ON ./core\autoloads.php LINE 31 [backtrace: ] [context: Array]
	E_USER_NOTICE - Class Smarty_Internal_Resource_File not foun in libraries folder. File: C:\xampp\htdocs\engineWerneck\lib/Smarty_Internal_Resource_File.class.php inexistent CALLED ON ./core\autoloads.php LINE 31 [backtrace: ] [context: Array]
	E_USER_NOTICE - Class Smarty_Internal_TemplateCompilerBase not foun in libraries folder. File: C:\xampp\htdocs\engineWerneck\lib/Smarty_Internal_TemplateCompilerBase.class.php inexistent CALLED ON ./core\autoloads.php LINE 31 [backtrace: ] [context: Array]
	E_USER_NOTICE - Class Smarty_Internal_Templatelexer not foun in libraries folder. File: C:\xampp\htdocs\engineWerneck\lib/Smarty_Internal_Templatelexer.class.php inexistent CALLED ON ./core\autoloads.php LINE 31 [backtrace: ] [context: Array]
	E_USER_NOTICE - Class Smarty_Internal_Templateparser not foun in libraries folder. File: C:\xampp\htdocs\engineWerneck\lib/Smarty_Internal_Templateparser.class.php inexistent CALLED ON ./core\autoloads.php LINE 31 [backtrace: ] [context: Array]
	E_USER_NOTICE - Class Smarty_Internal_CompileBase not foun in libraries folder. File: C:\xampp\htdocs\engineWerneck\lib/Smarty_Internal_CompileBase.class.php inexistent CALLED ON ./core\autoloads.php LINE 31 [backtrace: ] [context: Array]
	E_USER_NOTICE - Class Smarty_Internal_Compile_Block not foun in libraries folder. File: C:\xampp\htdocs\engineWerneck\lib/Smarty_Internal_Compile_Block.class.php inexistent CALLED ON ./core\autoloads.php LINE 31 [backtrace: ] [context: Array]
	E_USER_NOTICE - Class Smarty_Internal_Resource_Eval not foun in libraries folder. File: C:\xampp\htdocs\engineWerneck\lib/Smarty_Internal_Resource_Eval.class.php inexistent CALLED ON ./core\autoloads.php LINE 31 [backtrace: ] [context: Array]
	E_USER_NOTICE - Class Smarty_Internal_Write_File not foun in libraries folder. File: C:\xampp\htdocs\engineWerneck\lib/Smarty_Internal_Write_File.class.php inexistent CALLED ON ./core\autoloads.php LINE 31 [backtrace: ] [context: Array]
[31/03/13 05:02:42][]
	E_USER_NOTICE - Class Smarty_Internal_Data not foun in libraries folder. File: C:\xampp\htdocs\engineWerneck\lib/Smarty_Internal_Data.class.php inexistent CALLED ON ./core\autoloads.php LINE 31 [backtrace: ] [context: Array]
	E_NOTICE - Undefined index: data CALLED ON ./core\Controller.class.php LINE 36 [backtrace: ] [context: Array]
	E_WARNING - Invalid argument supplied for foreach() CALLED ON ./core\Controller.class.php LINE 78 [backtrace: ] [context: Array]
	E_USER_NOTICE - Class Smarty_Internal_Template not foun in libraries folder. File: C:\xampp\htdocs\engineWerneck\lib/Smarty_Internal_Template.class.php inexistent CALLED ON ./core\autoloads.php LINE 31 [backtrace: ] [context: Array]
	E_USER_NOTICE - Class Smarty_Internal_Resource_File not foun in libraries folder. File: C:\xampp\htdocs\engineWerneck\lib/Smarty_Internal_Resource_File.class.php inexistent CALLED ON ./core\autoloads.php LINE 31 [backtrace: ] [context: Array]
[31/03/13 05:02:44][]
	E_USER_NOTICE - Class Smarty_Internal_Data not foun in libraries folder. File: C:\xampp\htdocs\engineWerneck\lib/Smarty_Internal_Data.class.php inexistent CALLED ON ./core\autoloads.php LINE 31 [backtrace: ] [context: Array]
	E_NOTICE - Undefined index: data CALLED ON ./core\Controller.class.php LINE 36 [backtrace: ] [context: Array]
	E_WARNING - Invalid argument supplied for foreach() CALLED ON ./core\Controller.class.php LINE 78 [backtrace: ] [context: Array]
	E_USER_NOTICE - Class Smarty_Internal_Template not foun in libraries folder. File: C:\xampp\htdocs\engineWerneck\lib/Smarty_Internal_Template.class.php inexistent CALLED ON ./core\autoloads.php LINE 31 [backtrace: ] [context: Array]
	E_USER_NOTICE - Class Smarty_Internal_Resource_File not foun in libraries folder. File: C:\xampp\htdocs\engineWerneck\lib/Smarty_Internal_Resource_File.class.php inexistent CALLED ON ./core\autoloads.php LINE 31 [backtrace: ] [context: Array]
[31/03/13 05:02:45][]
	E_USER_NOTICE - Class Smarty_Internal_Data not foun in libraries folder. File: C:\xampp\htdocs\engineWerneck\lib/Smarty_Internal_Data.class.php inexistent CALLED ON ./core\autoloads.php LINE 31 [backtrace: ] [context: Array]
	E_NOTICE - Undefined index: data CALLED ON ./core\Controller.class.php LINE 36 [backtrace: ] [context: Array]
	E_WARNING - Invalid argument supplied for foreach() CALLED ON ./core\Controller.class.php LINE 78 [backtrace: ] [context: Array]
	E_USER_NOTICE - Class Smarty_Internal_Template not foun in libraries folder. File: C:\xampp\htdocs\engineWerneck\lib/Smarty_Internal_Template.class.php inexistent CALLED ON ./core\autoloads.php LINE 31 [backtrace: ] [context: Array]
	E_USER_NOTICE - Class Smarty_Internal_Resource_File not foun in libraries folder. File: C:\xampp\htdocs\engineWerneck\lib/Smarty_Internal_Resource_File.class.php inexistent CALLED ON ./core\autoloads.php LINE 31 [backtrace: ] [context: Array]
[31/03/13 05:02:46][]
	E_USER_NOTICE - Class Smarty_Internal_Data not foun in libraries folder. File: C:\xampp\htdocs\engineWerneck\lib/Smarty_Internal_Data.class.php inexistent CALLED ON ./core\autoloads.php LINE 31 [backtrace: ] [context: Array]
	E_NOTICE - Undefined index: data CALLED ON ./core\Controller.class.php LINE 36 [backtrace: ] [context: Array]
	E_WARNING - Invalid argument supplied for foreach() CALLED ON ./core\Controller.class.php LINE 78 [backtrace: ] [context: Array]
	E_USER_NOTICE - Class Smarty_Internal_Template not foun in libraries folder. File: C:\xampp\htdocs\engineWerneck\lib/Smarty_Internal_Template.class.php inexistent CALLED ON ./core\autoloads.php LINE 31 [backtrace: ] [context: Array]
	E_USER_NOTICE - Class Smarty_Internal_Resource_File not foun in libraries folder. File: C:\xampp\htdocs\engineWerneck\lib/Smarty_Internal_Resource_File.class.php inexistent CALLED ON ./core\autoloads.php LINE 31 [backtrace: ] [context: Array]
[31/03/13 05:02:48][]
	E_USER_NOTICE - Class Smarty_Internal_Data not foun in libraries folder. File: C:\xampp\htdocs\engineWerneck\lib/Smarty_Internal_Data.class.php inexistent CALLED ON ./core\autoloads.php LINE 31 [backtrace: ] [context: Array]
	E_NOTICE - Undefined index: data CALLED ON ./core\Controller.class.php LINE 36 [backtrace: ] [context: Array]
	E_WARNING - Invalid argument supplied for foreach() CALLED ON ./core\Controller.class.php LINE 78 [backtrace: ] [context: Array]
	E_USER_NOTICE - Class Smarty_Internal_Template not foun in libraries folder. File: C:\xampp\htdocs\engineWerneck\lib/Smarty_Internal_Template.class.php inexistent CALLED ON ./core\autoloads.php LINE 31 [backtrace: ] [context: Array]
	E_USER_NOTICE - Class Smarty_Internal_Resource_File not foun in libraries folder. File: C:\xampp\htdocs\engineWerneck\lib/Smarty_Internal_Resource_File.class.php inexistent CALLED ON ./core\autoloads.php LINE 31 [backtrace: ] [context: Array]
[31/03/13 05:03:05][]
	E_USER_NOTICE - Class Smarty_Internal_Data not foun in libraries folder. File: C:\xampp\htdocs\engineWerneck\lib/Smarty_Internal_Data.class.php inexistent CALLED ON ./core\autoloads.php LINE 31 [backtrace: ] [context: Array]
	E_NOTICE - Undefined index: data CALLED ON ./core\Controller.class.php LINE 36 [backtrace: ] [context: Array]
	E_WARNING - Invalid argument supplied for foreach() CALLED ON ./core\Controller.class.php LINE 78 [backtrace: ] [context: Array]
	E_USER_NOTICE - Class Smarty_Internal_Template not foun in libraries folder. File: C:\xampp\htdocs\engineWerneck\lib/Smarty_Internal_Template.class.php inexistent CALLED ON ./core\autoloads.php LINE 31 [backtrace: ] [context: Array]
	E_USER_NOTICE - Class Smarty_Internal_Resource_File not foun in libraries folder. File: C:\xampp\htdocs\engineWerneck\lib/Smarty_Internal_Resource_File.class.php inexistent CALLED ON ./core\autoloads.php LINE 31 [backtrace: ] [context: Array]
[31/03/13 05:03:14][]
	E_USER_NOTICE - Class Smarty_Internal_Data not foun in libraries folder. File: C:\xampp\htdocs\engineWerneck\lib/Smarty_Internal_Data.class.php inexistent CALLED ON ./core\autoloads.php LINE 31 [backtrace: ] [context: Array]
	E_NOTICE - Undefined index: data CALLED ON ./core\Controller.class.php LINE 36 [backtrace: ] [context: Array]
	E_WARNING - Invalid argument supplied for foreach() CALLED ON ./core\Controller.class.php LINE 78 [backtrace: ] [context: Array]
	E_USER_NOTICE - Class Smarty_Internal_Template not foun in libraries folder. File: C:\xampp\htdocs\engineWerneck\lib/Smarty_Internal_Template.class.php inexistent CALLED ON ./core\autoloads.php LINE 31 [backtrace: ] [context: Array]
	E_USER_NOTICE - Class Smarty_Internal_Resource_File not foun in libraries folder. File: C:\xampp\htdocs\engineWerneck\lib/Smarty_Internal_Resource_File.class.php inexistent CALLED ON ./core\autoloads.php LINE 31 [backtrace: ] [context: Array]
[31/03/13 05:03:17][]
	E_USER_NOTICE - Class Smarty_Internal_Data not foun in libraries folder. File: C:\xampp\htdocs\engineWerneck\lib/Smarty_Internal_Data.class.php inexistent CALLED ON ./core\autoloads.php LINE 31 [backtrace: ] [context: Array]
	E_NOTICE - Undefined index: data CALLED ON ./core\Controller.class.php LINE 36 [backtrace: ] [context: Array]
	E_WARNING - Invalid argument supplied for foreach() CALLED ON ./core\Controller.class.php LINE 78 [backtrace: ] [context: Array]
	E_USER_NOTICE - Class Smarty_Internal_Template not foun in libraries folder. File: C:\xampp\htdocs\engineWerneck\lib/Smarty_Internal_Template.class.php inexistent CALLED ON ./core\autoloads.php LINE 31 [backtrace: ] [context: Array]
	E_USER_NOTICE - Class Smarty_Internal_Resource_File not foun in libraries folder. File: C:\xampp\htdocs\engineWerneck\lib/Smarty_Internal_Resource_File.class.php inexistent CALLED ON ./core\autoloads.php LINE 31 [backtrace: ] [context: Array]
[31/03/13 05:04:31][]
	E_USER_NOTICE - Class Smarty_Internal_Data not foun in libraries folder. File: C:\xampp\htdocs\engineWerneck\lib/Smarty_Internal_Data.class.php inexistent CALLED ON ./core\autoloads.php LINE 31 [backtrace: ] [context: Array]
	E_NOTICE - Undefined index: data CALLED ON ./core\Controller.class.php LINE 36 [backtrace: ] [context: Array]
	E_WARNING - Invalid argument supplied for foreach() CALLED ON ./core\Controller.class.php LINE 78 [backtrace: ] [context: Array]
	E_USER_NOTICE - Class Smarty_Internal_Template not foun in libraries folder. File: C:\xampp\htdocs\engineWerneck\lib/Smarty_Internal_Template.class.php inexistent CALLED ON ./core\autoloads.php LINE 31 [backtrace: ] [context: Array]
	E_USER_NOTICE - Class Smarty_Internal_Resource_File not foun in libraries folder. File: C:\xampp\htdocs\engineWerneck\lib/Smarty_Internal_Resource_File.class.php inexistent CALLED ON ./core\autoloads.php LINE 31 [backtrace: ] [context: Array]
[31/03/13 05:05:03][]
	E_USER_NOTICE - Class Smarty_Internal_Data not foun in libraries folder. File: C:\xampp\htdocs\engineWerneck\lib/Smarty_Internal_Data.class.php inexistent CALLED ON ./core\autoloads.php LINE 31 [backtrace: ] [context: Array]
	E_NOTICE - Undefined index: data CALLED ON ./core\Controller.class.php LINE 36 [backtrace: ] [context: Array]
	E_WARNING - Invalid argument supplied for foreach() CALLED ON ./core\Controller.class.php LINE 78 [backtrace: ] [context: Array]
	E_USER_NOTICE - Class Smarty_Internal_Template not foun in libraries folder. File: C:\xampp\htdocs\engineWerneck\lib/Smarty_Internal_Template.class.php inexistent CALLED ON ./core\autoloads.php LINE 31 [backtrace: ] [context: Array]
	E_USER_NOTICE - Class Smarty_Internal_Resource_File not foun in libraries folder. File: C:\xampp\htdocs\engineWerneck\lib/Smarty_Internal_Resource_File.class.php inexistent CALLED ON ./core\autoloads.php LINE 31 [backtrace: ] [context: Array]
[31/03/13 05:05:07][]
	E_USER_NOTICE - Class Smarty_Internal_Data not foun in libraries folder. File: C:\xampp\htdocs\engineWerneck\lib/Smarty_Internal_Data.class.php inexistent CALLED ON ./core\autoloads.php LINE 31 [backtrace: ] [context: Array]
	E_NOTICE - Undefined index: data CALLED ON ./core\Controller.class.php LINE 36 [backtrace: ] [context: Array]
	E_WARNING - Invalid argument supplied for foreach() CALLED ON ./core\Controller.class.php LINE 78 [backtrace: ] [context: Array]
	E_USER_NOTICE - Class Smarty_Internal_Template not foun in libraries folder. File: C:\xampp\htdocs\engineWerneck\lib/Smarty_Internal_Template.class.php inexistent CALLED ON ./core\autoloads.php LINE 31 [backtrace: ] [context: Array]
	E_USER_NOTICE - Class Smarty_Internal_Resource_File not foun in libraries folder. File: C:\xampp\htdocs\engineWerneck\lib/Smarty_Internal_Resource_File.class.php inexistent CALLED ON ./core\autoloads.php LINE 31 [backtrace: ] [context: Array]
[31/03/13 05:05:10][]
	E_USER_NOTICE - Class Smarty_Internal_Data not foun in libraries folder. File: C:\xampp\htdocs\engineWerneck\lib/Smarty_Internal_Data.class.php inexistent CALLED ON ./core\autoloads.php LINE 31 [backtrace: ] [context: Array]
	E_NOTICE - Undefined index: data CALLED ON ./core\Controller.class.php LINE 36 [backtrace: ] [context: Array]
	E_WARNING - Invalid argument supplied for foreach() CALLED ON ./core\Controller.class.php LINE 78 [backtrace: ] [context: Array]
	E_USER_NOTICE - Class Smarty_Internal_Template not foun in libraries folder. File: C:\xampp\htdocs\engineWerneck\lib/Smarty_Internal_Template.class.php inexistent CALLED ON ./core\autoloads.php LINE 31 [backtrace: ] [context: Array]
	E_USER_NOTICE - Class Smarty_Internal_Resource_File not foun in libraries folder. File: C:\xampp\htdocs\engineWerneck\lib/Smarty_Internal_Resource_File.class.php inexistent CALLED ON ./core\autoloads.php LINE 31 [backtrace: ] [context: Array]
[31/03/13 05:05:12][]
	E_USER_NOTICE - Class Smarty_Internal_Data not foun in libraries folder. File: C:\xampp\htdocs\engineWerneck\lib/Smarty_Internal_Data.class.php inexistent CALLED ON ./core\autoloads.php LINE 31 [backtrace: ] [context: Array]
	E_NOTICE - Undefined index: data CALLED ON ./core\Controller.class.php LINE 36 [backtrace: ] [context: Array]
	E_WARNING - Invalid argument supplied for foreach() CALLED ON ./core\Controller.class.php LINE 78 [backtrace: ] [context: Array]
	E_USER_NOTICE - Class Smarty_Internal_Template not foun in libraries folder. File: C:\xampp\htdocs\engineWerneck\lib/Smarty_Internal_Template.class.php inexistent CALLED ON ./core\autoloads.php LINE 31 [backtrace: ] [context: Array]
	E_USER_NOTICE - Class Smarty_Internal_Resource_File not foun in libraries folder. File: C:\xampp\htdocs\engineWerneck\lib/Smarty_Internal_Resource_File.class.php inexistent CALLED ON ./core\autoloads.php LINE 31 [backtrace: ] [context: Array]
[31/03/13 05:05:16][]
	E_USER_NOTICE - Class Smarty_Internal_Data not foun in libraries folder. File: C:\xampp\htdocs\engineWerneck\lib/Smarty_Internal_Data.class.php inexistent CALLED ON ./core\autoloads.php LINE 31 [backtrace: ] [context: Array]
	E_NOTICE - Undefined index: data CALLED ON ./core\Controller.class.php LINE 36 [backtrace: ] [context: Array]
	E_WARNING - Invalid argument supplied for foreach() CALLED ON ./core\Controller.class.php LINE 78 [backtrace: ] [context: Array]
	E_USER_NOTICE - Class Smarty_Internal_Template not foun in libraries folder. File: C:\xampp\htdocs\engineWerneck\lib/Smarty_Internal_Template.class.php inexistent CALLED ON ./core\autoloads.php LINE 31 [backtrace: ] [context: Array]
	E_USER_NOTICE - Class Smarty_Internal_Resource_File not foun in libraries folder. File: C:\xampp\htdocs\engineWerneck\lib/Smarty_Internal_Resource_File.class.php inexistent CALLED ON ./core\autoloads.php LINE 31 [backtrace: ] [context: Array]
[31/03/13 05:05:17][]
	E_USER_NOTICE - Class Smarty_Internal_Data not foun in libraries folder. File: C:\xampp\htdocs\engineWerneck\lib/Smarty_Internal_Data.class.php inexistent CALLED ON ./core\autoloads.php LINE 31 [backtrace: ] [context: Array]
	E_NOTICE - Undefined index: data CALLED ON ./core\Controller.class.php LINE 36 [backtrace: ] [context: Array]
	E_WARNING - Invalid argument supplied for foreach() CALLED ON ./core\Controller.class.php LINE 78 [backtrace: ] [context: Array]
	E_USER_NOTICE - Class Smarty_Internal_Template not foun in libraries folder. File: C:\xampp\htdocs\engineWerneck\lib/Smarty_Internal_Template.class.php inexistent CALLED ON ./core\autoloads.php LINE 31 [backtrace: ] [context: Array]
	E_USER_NOTICE - Class Smarty_Internal_Resource_File not foun in libraries folder. File: C:\xampp\htdocs\engineWerneck\lib/Smarty_Internal_Resource_File.class.php inexistent CALLED ON ./core\autoloads.php LINE 31 [backtrace: ] [context: Array]
[31/03/13 05:05:17][]
	E_USER_NOTICE - Class Smarty_Internal_Data not foun in libraries folder. File: C:\xampp\htdocs\engineWerneck\lib/Smarty_Internal_Data.class.php inexistent CALLED ON ./core\autoloads.php LINE 31 [backtrace: ] [context: Array]
	E_NOTICE - Undefined index: data CALLED ON ./core\Controller.class.php LINE 36 [backtrace: ] [context: Array]
	E_WARNING - Invalid argument supplied for foreach() CALLED ON ./core\Controller.class.php LINE 78 [backtrace: ] [context: Array]
	E_USER_NOTICE - Class Smarty_Internal_Template not foun in libraries folder. File: C:\xampp\htdocs\engineWerneck\lib/Smarty_Internal_Template.class.php inexistent CALLED ON ./core\autoloads.php LINE 31 [backtrace: ] [context: Array]
	E_USER_NOTICE - Class Smarty_Internal_Resource_File not foun in libraries folder. File: C:\xampp\htdocs\engineWerneck\lib/Smarty_Internal_Resource_File.class.php inexistent CALLED ON ./core\autoloads.php LINE 31 [backtrace: ] [context: Array]
[31/03/13 05:05:19][]
	E_USER_NOTICE - Class Smarty_Internal_Data not foun in libraries folder. File: C:\xampp\htdocs\engineWerneck\lib/Smarty_Internal_Data.class.php inexistent CALLED ON ./core\autoloads.php LINE 31 [backtrace: ] [context: Array]
	E_NOTICE - Undefined index: data CALLED ON ./core\Controller.class.php LINE 36 [backtrace: ] [context: Array]
	E_WARNING - Invalid argument supplied for foreach() CALLED ON ./core\Controller.class.php LINE 78 [backtrace: ] [context: Array]
	E_USER_NOTICE - Class Smarty_Internal_Template not foun in libraries folder. File: C:\xampp\htdocs\engineWerneck\lib/Smarty_Internal_Template.class.php inexistent CALLED ON ./core\autoloads.php LINE 31 [backtrace: ] [context: Array]
	E_USER_NOTICE - Class Smarty_Internal_Resource_File not foun in libraries folder. File: C:\xampp\htdocs\engineWerneck\lib/Smarty_Internal_Resource_File.class.php inexistent CALLED ON ./core\autoloads.php LINE 31 [backtrace: ] [context: Array]
[31/03/13 05:05:19][]
	E_USER_NOTICE - Class Smarty_Internal_Data not foun in libraries folder. File: C:\xampp\htdocs\engineWerneck\lib/Smarty_Internal_Data.class.php inexistent CALLED ON ./core\autoloads.php LINE 31 [backtrace: ] [context: Array]
	E_NOTICE - Undefined index: data CALLED ON ./core\Controller.class.php LINE 36 [backtrace: ] [context: Array]
	E_WARNING - Invalid argument supplied for foreach() CALLED ON ./core\Controller.class.php LINE 78 [backtrace: ] [context: Array]
	E_USER_NOTICE - Class Smarty_Internal_Template not foun in libraries folder. File: C:\xampp\htdocs\engineWerneck\lib/Smarty_Internal_Template.class.php inexistent CALLED ON ./core\autoloads.php LINE 31 [backtrace: ] [context: Array]
	E_USER_NOTICE - Class Smarty_Internal_Resource_File not foun in libraries folder. File: C:\xampp\htdocs\engineWerneck\lib/Smarty_Internal_Resource_File.class.php inexistent CALLED ON ./core\autoloads.php LINE 31 [backtrace: ] [context: Array]
[31/03/13 05:13:31][]
	E_USER_NOTICE - Class Smarty_Internal_Data not foun in libraries folder. File: C:\xampp\htdocs\engineWerneck\lib/Smarty_Internal_Data.class.php inexistent CALLED ON ./core\autoloads.php LINE 31 [backtrace: ] [context: Array]
	E_NOTICE - Undefined index: data CALLED ON ./core\Controller.class.php LINE 36 [backtrace: ] [context: Array]
	E_WARNING - Invalid argument supplied for foreach() CALLED ON ./core\Controller.class.php LINE 78 [backtrace: ] [context: Array]
	E_USER_NOTICE - Class Smarty_Internal_Template not foun in libraries folder. File: C:\xampp\htdocs\engineWerneck\lib/Smarty_Internal_Template.class.php inexistent CALLED ON ./core\autoloads.php LINE 31 [backtrace: ] [context: Array]
	E_USER_NOTICE - Class Smarty_Internal_Resource_File not foun in libraries folder. File: C:\xampp\htdocs\engineWerneck\lib/Smarty_Internal_Resource_File.class.php inexistent CALLED ON ./core\autoloads.php LINE 31 [backtrace: ] [context: Array]
[31/03/13 05:16:59][]
	E_USER_NOTICE - Class Smarty_Internal_Data not foun in libraries folder. File: C:\xampp\htdocs\engineWerneck\lib/Smarty_Internal_Data.class.php inexistent CALLED ON ./core\autoloads.php LINE 31 [backtrace: ] [context: Array]
	E_NOTICE - Undefined index: data CALLED ON ./core\Controller.class.php LINE 36 [backtrace: ] [context: Array]
	E_WARNING - Invalid argument supplied for foreach() CALLED ON ./core\Controller.class.php LINE 78 [backtrace: ] [context: Array]
	E_USER_NOTICE - Class Smarty_Internal_Template not foun in libraries folder. File: C:\xampp\htdocs\engineWerneck\lib/Smarty_Internal_Template.class.php inexistent CALLED ON ./core\autoloads.php LINE 31 [backtrace: ] [context: Array]
	E_USER_NOTICE - Class Smarty_Internal_Resource_File not foun in libraries folder. File: C:\xampp\htdocs\engineWerneck\lib/Smarty_Internal_Resource_File.class.php inexistent CALLED ON ./core\autoloads.php LINE 31 [backtrace: ] [context: Array]
[31/03/13 05:17:13][]
	E_USER_NOTICE - Class Smarty_Internal_Data not foun in libraries folder. File: C:\xampp\htdocs\engineWerneck\lib/Smarty_Internal_Data.class.php inexistent CALLED ON ./core\autoloads.php LINE 31 [backtrace: ] [context: Array]
	E_NOTICE - Undefined index: data CALLED ON ./core\Controller.class.php LINE 36 [backtrace: ] [context: Array]
	E_WARNING - Invalid argument supplied for foreach() CALLED ON ./core\Controller.class.php LINE 78 [backtrace: ] [context: Array]
	E_USER_NOTICE - Class Smarty_Internal_Template not foun in libraries folder. File: C:\xampp\htdocs\engineWerneck\lib/Smarty_Internal_Template.class.php inexistent CALLED ON ./core\autoloads.php LINE 31 [backtrace: ] [context: Array]
	E_USER_NOTICE - Class Smarty_Internal_Resource_File not foun in libraries folder. File: C:\xampp\htdocs\engineWerneck\lib/Smarty_Internal_Resource_File.class.php inexistent CALLED ON ./core\autoloads.php LINE 31 [backtrace: ] [context: Array]
[31/03/13 05:18:01][]
	E_USER_NOTICE - Class Smarty_Internal_Data not foun in libraries folder. File: C:\xampp\htdocs\engineWerneck\lib/Smarty_Internal_Data.class.php inexistent CALLED ON ./core\autoloads.php LINE 31 [backtrace: ] [context: Array]
	E_NOTICE - Undefined index: data CALLED ON ./core\Controller.class.php LINE 36 [backtrace: ] [context: Array]
	E_WARNING - Invalid argument supplied for foreach() CALLED ON ./core\Controller.class.php LINE 78 [backtrace: ] [context: Array]
	E_USER_NOTICE - Class Smarty_Internal_Template not foun in libraries folder. File: C:\xampp\htdocs\engineWerneck\lib/Smarty_Internal_Template.class.php inexistent CALLED ON ./core\autoloads.php LINE 31 [backtrace: ] [context: Array]
	E_USER_NOTICE - Class Smarty_Internal_Resource_File not foun in libraries folder. File: C:\xampp\htdocs\engineWerneck\lib/Smarty_Internal_Resource_File.class.php inexistent CALLED ON ./core\autoloads.php LINE 31 [backtrace: ] [context: Array]
[31/03/13 07:03:00][]
	E_USER_NOTICE - Class Smarty_Internal_Data not foun in libraries folder. File: C:\xampp\htdocs\engineWerneck\lib/Smarty_Internal_Data.class.php inexistent CALLED ON ./core\autoloads.php LINE 31 [backtrace: ] [context: Array]
	E_NOTICE - Use of undefined constant DB_CONFIG_USER - assumed 'DB_CONFIG_USER' CALLED ON ./core\Model.class.php LINE 9 [backtrace: ] [context: Array]
	E_NOTICE - Use of undefined constant DB_CONFIG_PASS - assumed 'DB_CONFIG_PASS' CALLED ON ./core\Model.class.php LINE 9 [backtrace: ] [context: Array]
	E_NOTICE - Use of undefined constant DB_CONFIG_HOST - assumed 'DB_CONFIG_HOST' CALLED ON ./core\Model.class.php LINE 9 [backtrace: ] [context: Array]
	E_NOTICE - Use of undefined constant DB_CONFIG_DB - assumed 'DB_CONFIG_DB' CALLED ON ./core\Model.class.php LINE 9 [backtrace: ] [context: Array]
	E_NOTICE - Undefined index: data CALLED ON ./core\Controller.class.php LINE 36 [backtrace: ] [context: Array]
	E_WARNING - Invalid argument supplied for foreach() CALLED ON ./core\Controller.class.php LINE 78 [backtrace: ] [context: Array]
	E_USER_NOTICE - Class Smarty_Internal_Template not foun in libraries folder. File: C:\xampp\htdocs\engineWerneck\lib/Smarty_Internal_Template.class.php inexistent CALLED ON ./core\autoloads.php LINE 31 [backtrace: ] [context: Array]
	E_USER_NOTICE - Class Smarty_Internal_Resource_File not foun in libraries folder. File: C:\xampp\htdocs\engineWerneck\lib/Smarty_Internal_Resource_File.class.php inexistent CALLED ON ./core\autoloads.php LINE 31 [backtrace: ] [context: Array]
	E_USER_NOTICE - Class Smarty_Internal_TemplateCompilerBase not foun in libraries folder. File: C:\xampp\htdocs\engineWerneck\lib/Smarty_Internal_TemplateCompilerBase.class.php inexistent CALLED ON ./core\autoloads.php LINE 31 [backtrace: ] [context: Array]
	E_USER_NOTICE - Class Smarty_Internal_Templatelexer not foun in libraries folder. File: C:\xampp\htdocs\engineWerneck\lib/Smarty_Internal_Templatelexer.class.php inexistent CALLED ON ./core\autoloads.php LINE 31 [backtrace: ] [context: Array]
	E_USER_NOTICE - Class Smarty_Internal_Templateparser not foun in libraries folder. File: C:\xampp\htdocs\engineWerneck\lib/Smarty_Internal_Templateparser.class.php inexistent CALLED ON ./core\autoloads.php LINE 31 [backtrace: ] [context: Array]
	E_USER_NOTICE - Class Smarty_Internal_CompileBase not foun in libraries folder. File: C:\xampp\htdocs\engineWerneck\lib/Smarty_Internal_CompileBase.class.php inexistent CALLED ON ./core\autoloads.php LINE 31 [backtrace: ] [context: Array]
	E_USER_NOTICE - Class Smarty_Internal_Compile_Block not foun in libraries folder. File: C:\xampp\htdocs\engineWerneck\lib/Smarty_Internal_Compile_Block.class.php inexistent CALLED ON ./core\autoloads.php LINE 31 [backtrace: ] [context: Array]
	E_USER_NOTICE - Class Smarty_Internal_Resource_Eval not foun in libraries folder. File: C:\xampp\htdocs\engineWerneck\lib/Smarty_Internal_Resource_Eval.class.php inexistent CALLED ON ./core\autoloads.php LINE 31 [backtrace: ] [context: Array]
	E_USER_NOTICE - Class Smarty_Internal_Write_File not foun in libraries folder. File: C:\xampp\htdocs\engineWerneck\lib/Smarty_Internal_Write_File.class.php inexistent CALLED ON ./core\autoloads.php LINE 31 [backtrace: ] [context: Array]
	E_USER_NOTICE - Não existe uma folha de estilos específica para a página atual: 'C:\xampp\htdocs\engineWerneck\view/web/styles/users/home.less' not found! CALLED ON ./core\helpers\function.style_autoload.php LINE 36 [backtrace: ] [context: Array]
	E_USER_NOTICE - Não existe um sctipt específico para a página atual: 'C:\xampp\htdocs\engineWerneck\view/web/scripts/users/home.less' CALLED ON ./core\helpers\function.script_autoload.php LINE 26 [backtrace: ] [context: Array]
	E_USER_WARNING - A folha de estilos definida como default não existe! 'home' CALLED ON ./core\helpers\function.script_autoload.php LINE 51 [backtrace: ] [context: Array]
[31/03/13 07:04:21][]
	E_USER_NOTICE - Class Smarty_Internal_Data not foun in libraries folder. File: C:\xampp\htdocs\engineWerneck\lib/Smarty_Internal_Data.class.php inexistent CALLED ON ./core\autoloads.php LINE 31 [backtrace: ] [context: Array]
	E_NOTICE - Use of undefined constant DB_CONFIG_USER - assumed 'DB_CONFIG_USER' CALLED ON ./core\Model.class.php LINE 9 [backtrace: ] [context: Array]
	E_NOTICE - Use of undefined constant DB_CONFIG_PASS - assumed 'DB_CONFIG_PASS' CALLED ON ./core\Model.class.php LINE 9 [backtrace: ] [context: Array]
	E_NOTICE - Use of undefined constant DB_CONFIG_HOST - assumed 'DB_CONFIG_HOST' CALLED ON ./core\Model.class.php LINE 9 [backtrace: ] [context: Array]
	E_NOTICE - Use of undefined constant DB_CONFIG_DB - assumed 'DB_CONFIG_DB' CALLED ON ./core\Model.class.php LINE 9 [backtrace: ] [context: Array]
	E_NOTICE - Undefined index: data CALLED ON ./core\Controller.class.php LINE 36 [backtrace: ] [context: Array]
	E_WARNING - Invalid argument supplied for foreach() CALLED ON ./core\Controller.class.php LINE 78 [backtrace: ] [context: Array]
	E_USER_NOTICE - Class Smarty_Internal_Template not foun in libraries folder. File: C:\xampp\htdocs\engineWerneck\lib/Smarty_Internal_Template.class.php inexistent CALLED ON ./core\autoloads.php LINE 31 [backtrace: ] [context: Array]
	E_USER_NOTICE - Class Smarty_Internal_Resource_File not foun in libraries folder. File: C:\xampp\htdocs\engineWerneck\lib/Smarty_Internal_Resource_File.class.php inexistent CALLED ON ./core\autoloads.php LINE 31 [backtrace: ] [context: Array]
	E_USER_NOTICE - Class Smarty_Internal_TemplateCompilerBase not foun in libraries folder. File: C:\xampp\htdocs\engineWerneck\lib/Smarty_Internal_TemplateCompilerBase.class.php inexistent CALLED ON ./core\autoloads.php LINE 31 [backtrace: ] [context: Array]
	E_USER_NOTICE - Class Smarty_Internal_Templatelexer not foun in libraries folder. File: C:\xampp\htdocs\engineWerneck\lib/Smarty_Internal_Templatelexer.class.php inexistent CALLED ON ./core\autoloads.php LINE 31 [backtrace: ] [context: Array]
	E_USER_NOTICE - Class Smarty_Internal_Templateparser not foun in libraries folder. File: C:\xampp\htdocs\engineWerneck\lib/Smarty_Internal_Templateparser.class.php inexistent CALLED ON ./core\autoloads.php LINE 31 [backtrace: ] [context: Array]
	E_USER_NOTICE - Class Smarty_Internal_CompileBase not foun in libraries folder. File: C:\xampp\htdocs\engineWerneck\lib/Smarty_Internal_CompileBase.class.php inexistent CALLED ON ./core\autoloads.php LINE 31 [backtrace: ] [context: Array]
	E_USER_NOTICE - Class Smarty_Internal_Compile_Block not foun in libraries folder. File: C:\xampp\htdocs\engineWerneck\lib/Smarty_Internal_Compile_Block.class.php inexistent CALLED ON ./core\autoloads.php LINE 31 [backtrace: ] [context: Array]
	E_USER_NOTICE - Class Smarty_Internal_Resource_Eval not foun in libraries folder. File: C:\xampp\htdocs\engineWerneck\lib/Smarty_Internal_Resource_Eval.class.php inexistent CALLED ON ./core\autoloads.php LINE 31 [backtrace: ] [context: Array]
	E_USER_NOTICE - Class Smarty_Internal_Write_File not foun in libraries folder. File: C:\xampp\htdocs\engineWerneck\lib/Smarty_Internal_Write_File.class.php inexistent CALLED ON ./core\autoloads.php LINE 31 [backtrace: ] [context: Array]
	E_USER_NOTICE - Não existe uma folha de estilos específica para a página atual: 'C:\xampp\htdocs\engineWerneck\view/web/styles/users/home.less' not found! CALLED ON ./core\helpers\function.style_autoload.php LINE 36 [backtrace: ] [context: Array]
	E_USER_NOTICE - Não existe um sctipt específico para a página atual: 'C:\xampp\htdocs\engineWerneck\view/web/scripts/users/home.less' CALLED ON ./core\helpers\function.script_autoload.php LINE 26 [backtrace: ] [context: Array]
	E_USER_WARNING - A folha de estilos definida como default não existe! 'home' CALLED ON ./core\helpers\function.script_autoload.php LINE 51 [backtrace: ] [context: Array]
[31/03/13 07:05:55][]
	E_USER_NOTICE - Class Smarty_Internal_Data not foun in libraries folder. File: C:\xampp\htdocs\engineWerneck\lib/Smarty_Internal_Data.class.php inexistent CALLED ON ./core\autoloads.php LINE 31 [backtrace: ] [context: Array]
	E_NOTICE - Use of undefined constant DB_CONFIG_USER - assumed 'DB_CONFIG_USER' CALLED ON ./core\Model.class.php LINE 9 [backtrace: ] [context: Array]
	E_NOTICE - Use of undefined constant DB_CONFIG_PASS - assumed 'DB_CONFIG_PASS' CALLED ON ./core\Model.class.php LINE 9 [backtrace: ] [context: Array]
	E_NOTICE - Use of undefined constant DB_CONFIG_HOST - assumed 'DB_CONFIG_HOST' CALLED ON ./core\Model.class.php LINE 9 [backtrace: ] [context: Array]
	E_NOTICE - Use of undefined constant DB_CONFIG_DB - assumed 'DB_CONFIG_DB' CALLED ON ./core\Model.class.php LINE 9 [backtrace: ] [context: Array]
	E_NOTICE - Undefined index: data CALLED ON ./core\Controller.class.php LINE 36 [backtrace: ] [context: Array]
	E_WARNING - Invalid argument supplied for foreach() CALLED ON ./core\Controller.class.php LINE 78 [backtrace: ] [context: Array]
	E_USER_NOTICE - Class Smarty_Internal_Template not foun in libraries folder. File: C:\xampp\htdocs\engineWerneck\lib/Smarty_Internal_Template.class.php inexistent CALLED ON ./core\autoloads.php LINE 31 [backtrace: ] [context: Array]
	E_USER_NOTICE - Class Smarty_Internal_Resource_File not foun in libraries folder. File: C:\xampp\htdocs\engineWerneck\lib/Smarty_Internal_Resource_File.class.php inexistent CALLED ON ./core\autoloads.php LINE 31 [backtrace: ] [context: Array]
	E_USER_NOTICE - Não existe uma folha de estilos específica para a página atual: 'C:\xampp\htdocs\engineWerneck\view/web/styles/users/home.less' not found! CALLED ON ./core\helpers\function.style_autoload.php LINE 36 [backtrace: ] [context: Array]
	E_USER_NOTICE - Não existe um sctipt específico para a página atual: 'C:\xampp\htdocs\engineWerneck\view/web/scripts/users/home.less' CALLED ON ./core\helpers\function.script_autoload.php LINE 26 [backtrace: ] [context: Array]
	E_USER_WARNING - A folha de estilos definida como default não existe! 'home' CALLED ON ./core\helpers\function.script_autoload.php LINE 51 [backtrace: ] [context: Array]
[31/03/13 07:06:05][]
	E_USER_NOTICE - Class Smarty_Internal_Data not foun in libraries folder. File: C:\xampp\htdocs\engineWerneck\lib/Smarty_Internal_Data.class.php inexistent CALLED ON ./core\autoloads.php LINE 31 [backtrace: ] [context: Array]
	E_NOTICE - Use of undefined constant DB_CONFIG_USER - assumed 'DB_CONFIG_USER' CALLED ON ./core\Model.class.php LINE 9 [backtrace: ] [context: Array]
	E_NOTICE - Use of undefined constant DB_CONFIG_PASS - assumed 'DB_CONFIG_PASS' CALLED ON ./core\Model.class.php LINE 9 [backtrace: ] [context: Array]
	E_NOTICE - Use of undefined constant DB_CONFIG_HOST - assumed 'DB_CONFIG_HOST' CALLED ON ./core\Model.class.php LINE 9 [backtrace: ] [context: Array]
	E_NOTICE - Use of undefined constant DB_CONFIG_DB - assumed 'DB_CONFIG_DB' CALLED ON ./core\Model.class.php LINE 9 [backtrace: ] [context: Array]
	E_NOTICE - Undefined index: data CALLED ON ./core\Controller.class.php LINE 36 [backtrace: ] [context: Array]
	E_WARNING - Invalid argument supplied for foreach() CALLED ON ./core\Controller.class.php LINE 78 [backtrace: ] [context: Array]
	E_USER_NOTICE - Class Smarty_Internal_Template not foun in libraries folder. File: C:\xampp\htdocs\engineWerneck\lib/Smarty_Internal_Template.class.php inexistent CALLED ON ./core\autoloads.php LINE 31 [backtrace: ] [context: Array]
	E_USER_NOTICE - Class Smarty_Internal_Resource_File not foun in libraries folder. File: C:\xampp\htdocs\engineWerneck\lib/Smarty_Internal_Resource_File.class.php inexistent CALLED ON ./core\autoloads.php LINE 31 [backtrace: ] [context: Array]
	E_USER_NOTICE - Não existe uma folha de estilos específica para a página atual: 'C:\xampp\htdocs\engineWerneck\view/web/styles/users/home.less' not found! CALLED ON ./core\helpers\function.style_autoload.php LINE 36 [backtrace: ] [context: Array]
	E_USER_NOTICE - Não existe um sctipt específico para a página atual: 'C:\xampp\htdocs\engineWerneck\view/web/scripts/users/home.less' CALLED ON ./core\helpers\function.script_autoload.php LINE 26 [backtrace: ] [context: Array]
	E_USER_WARNING - A folha de estilos definida como default não existe! 'home' CALLED ON ./core\helpers\function.script_autoload.php LINE 51 [backtrace: ] [context: Array]
[31/03/13 07:06:23][]
	E_USER_NOTICE - Class Smarty_Internal_Data not foun in libraries folder. File: C:\xampp\htdocs\engineWerneck\lib/Smarty_Internal_Data.class.php inexistent CALLED ON ./core\autoloads.php LINE 31 [backtrace: ] [context: Array]
	E_NOTICE - Use of undefined constant DB_CONFIG_USER - assumed 'DB_CONFIG_USER' CALLED ON ./core\Model.class.php LINE 9 [backtrace: ] [context: Array]
	E_NOTICE - Use of undefined constant DB_CONFIG_PASS - assumed 'DB_CONFIG_PASS' CALLED ON ./core\Model.class.php LINE 9 [backtrace: ] [context: Array]
	E_NOTICE - Use of undefined constant DB_CONFIG_HOST - assumed 'DB_CONFIG_HOST' CALLED ON ./core\Model.class.php LINE 9 [backtrace: ] [context: Array]
	E_NOTICE - Use of undefined constant DB_CONFIG_DB - assumed 'DB_CONFIG_DB' CALLED ON ./core\Model.class.php LINE 9 [backtrace: ] [context: Array]
	E_NOTICE - Undefined index: data CALLED ON ./core\Controller.class.php LINE 36 [backtrace: ] [context: Array]
	E_WARNING - Invalid argument supplied for foreach() CALLED ON ./core\Controller.class.php LINE 78 [backtrace: ] [context: Array]
[31/03/13 07:06:27][]
	E_USER_NOTICE - Class Smarty_Internal_Data not foun in libraries folder. File: C:\xampp\htdocs\engineWerneck\lib/Smarty_Internal_Data.class.php inexistent CALLED ON ./core\autoloads.php LINE 31 [backtrace: ] [context: Array]
	E_NOTICE - Use of undefined constant DB_CONFIG_USER - assumed 'DB_CONFIG_USER' CALLED ON ./core\Model.class.php LINE 9 [backtrace: ] [context: Array]
	E_NOTICE - Use of undefined constant DB_CONFIG_PASS - assumed 'DB_CONFIG_PASS' CALLED ON ./core\Model.class.php LINE 9 [backtrace: ] [context: Array]
	E_NOTICE - Use of undefined constant DB_CONFIG_HOST - assumed 'DB_CONFIG_HOST' CALLED ON ./core\Model.class.php LINE 9 [backtrace: ] [context: Array]
	E_NOTICE - Use of undefined constant DB_CONFIG_DB - assumed 'DB_CONFIG_DB' CALLED ON ./core\Model.class.php LINE 9 [backtrace: ] [context: Array]
	E_NOTICE - Undefined index: data CALLED ON ./core\Controller.class.php LINE 36 [backtrace: ] [context: Array]
	E_WARNING - Invalid argument supplied for foreach() CALLED ON ./core\Controller.class.php LINE 78 [backtrace: ] [context: Array]
	E_USER_NOTICE - Class Smarty_Internal_Template not foun in libraries folder. File: C:\xampp\htdocs\engineWerneck\lib/Smarty_Internal_Template.class.php inexistent CALLED ON ./core\autoloads.php LINE 31 [backtrace: ] [context: Array]
	E_USER_NOTICE - Class Smarty_Internal_Resource_File not foun in libraries folder. File: C:\xampp\htdocs\engineWerneck\lib/Smarty_Internal_Resource_File.class.php inexistent CALLED ON ./core\autoloads.php LINE 31 [backtrace: ] [context: Array]
	E_USER_NOTICE - Não existe uma folha de estilos específica para a página atual: 'C:\xampp\htdocs\engineWerneck\view/web/styles/users/home.less' not found! CALLED ON ./core\helpers\function.style_autoload.php LINE 36 [backtrace: ] [context: Array]
	E_USER_NOTICE - Não existe um sctipt específico para a página atual: 'C:\xampp\htdocs\engineWerneck\view/web/scripts/users/home.less' CALLED ON ./core\helpers\function.script_autoload.php LINE 26 [backtrace: ] [context: Array]
	E_USER_WARNING - A folha de estilos definida como default não existe! 'home' CALLED ON ./core\helpers\function.script_autoload.php LINE 51 [backtrace: ] [context: Array]
[03/05/13 02:43:15][]
	E_USER_NOTICE - Class Smarty_Internal_Data not foun in libraries folder. File: C:\xampp\htdocs\engineWerneck\lib/Smarty_Internal_Data.class.php inexistent CALLED ON ./core\autoloads.php LINE 31 [backtrace: ] [context: Array]
	E_NOTICE - Use of undefined constant DB_CONFIG_USER - assumed 'DB_CONFIG_USER' CALLED ON ./core\Model.class.php LINE 9 [backtrace: ] [context: Array]
	E_NOTICE - Use of undefined constant DB_CONFIG_PASS - assumed 'DB_CONFIG_PASS' CALLED ON ./core\Model.class.php LINE 9 [backtrace: ] [context: Array]
	E_NOTICE - Use of undefined constant DB_CONFIG_HOST - assumed 'DB_CONFIG_HOST' CALLED ON ./core\Model.class.php LINE 9 [backtrace: ] [context: Array]
	E_NOTICE - Use of undefined constant DB_CONFIG_DB - assumed 'DB_CONFIG_DB' CALLED ON ./core\Model.class.php LINE 9 [backtrace: ] [context: Array]
	E_NOTICE - Undefined index: data CALLED ON ./core\Controller.class.php LINE 36 [backtrace: ] [context: Array]
	E_WARNING - Invalid argument supplied for foreach() CALLED ON ./core\Controller.class.php LINE 78 [backtrace: ] [context: Array]
	E_USER_NOTICE - Class Smarty_Internal_Template not foun in libraries folder. File: C:\xampp\htdocs\engineWerneck\lib/Smarty_Internal_Template.class.php inexistent CALLED ON ./core\autoloads.php LINE 31 [backtrace: ] [context: Array]
	E_USER_NOTICE - Class Smarty_Internal_Resource_File not foun in libraries folder. File: C:\xampp\htdocs\engineWerneck\lib/Smarty_Internal_Resource_File.class.php inexistent CALLED ON ./core\autoloads.php LINE 31 [backtrace: ] [context: Array]
[06/05/13 00:49:15][]
	E_USER_NOTICE - Class Smarty_Internal_Data not foun in libraries folder. File: C:\xampp\htdocs\engineWerneck\lib/Smarty_Internal_Data.class.php inexistent CALLED ON ./core\autoloads.php LINE 31 [backtrace: ] [context: Array]
	E_NOTICE - Use of undefined constant DB_CONFIG_USER - assumed 'DB_CONFIG_USER' CALLED ON ./core\Model.class.php LINE 9 [backtrace: ] [context: Array]
	E_NOTICE - Use of undefined constant DB_CONFIG_PASS - assumed 'DB_CONFIG_PASS' CALLED ON ./core\Model.class.php LINE 9 [backtrace: ] [context: Array]
	E_NOTICE - Use of undefined constant DB_CONFIG_HOST - assumed 'DB_CONFIG_HOST' CALLED ON ./core\Model.class.php LINE 9 [backtrace: ] [context: Array]
	E_NOTICE - Use of undefined constant DB_CONFIG_DB - assumed 'DB_CONFIG_DB' CALLED ON ./core\Model.class.php LINE 9 [backtrace: ] [context: Array]
	E_NOTICE - Undefined index: data CALLED ON ./core\Controller.class.php LINE 36 [backtrace: ] [context: Array]
	E_WARNING - Invalid argument supplied for foreach() CALLED ON ./core\Controller.class.php LINE 78 [backtrace: ] [context: Array]
	E_USER_NOTICE - Class Smarty_Internal_Template not foun in libraries folder. File: C:\xampp\htdocs\engineWerneck\lib/Smarty_Internal_Template.class.php inexistent CALLED ON ./core\autoloads.php LINE 31 [backtrace: ] [context: Array]
	E_USER_NOTICE - Class Smarty_Internal_Resource_File not foun in libraries folder. File: C:\xampp\htdocs\engineWerneck\lib/Smarty_Internal_Resource_File.class.php inexistent CALLED ON ./core\autoloads.php LINE 31 [backtrace: ] [context: Array]
[06/05/13 00:50:42][]
	E_USER_NOTICE - Class Smarty_Internal_Data not foun in libraries folder. File: C:\xampp\htdocs\engineWerneck\lib/Smarty_Internal_Data.class.php inexistent CALLED ON ./core\autoloads.php LINE 31 [backtrace: ] [context: Array]
	E_NOTICE - Use of undefined constant DB_CONFIG_USER - assumed 'DB_CONFIG_USER' CALLED ON ./core\Model.class.php LINE 9 [backtrace: ] [context: Array]
	E_NOTICE - Use of undefined constant DB_CONFIG_PASS - assumed 'DB_CONFIG_PASS' CALLED ON ./core\Model.class.php LINE 9 [backtrace: ] [context: Array]
	E_NOTICE - Use of undefined constant DB_CONFIG_HOST - assumed 'DB_CONFIG_HOST' CALLED ON ./core\Model.class.php LINE 9 [backtrace: ] [context: Array]
	E_NOTICE - Use of undefined constant DB_CONFIG_DB - assumed 'DB_CONFIG_DB' CALLED ON ./core\Model.class.php LINE 9 [backtrace: ] [context: Array]
	E_NOTICE - Undefined index: data CALLED ON ./core\Controller.class.php LINE 36 [backtrace: ] [context: Array]
	E_WARNING - Invalid argument supplied for foreach() CALLED ON ./core\Controller.class.php LINE 78 [backtrace: ] [context: Array]
	E_USER_NOTICE - Class Smarty_Internal_Template not foun in libraries folder. File: C:\xampp\htdocs\engineWerneck\lib/Smarty_Internal_Template.class.php inexistent CALLED ON ./core\autoloads.php LINE 31 [backtrace: ] [context: Array]
	E_USER_NOTICE - Class Smarty_Internal_Resource_File not foun in libraries folder. File: C:\xampp\htdocs\engineWerneck\lib/Smarty_Internal_Resource_File.class.php inexistent CALLED ON ./core\autoloads.php LINE 31 [backtrace: ] [context: Array]
[07/12/13 13:30:51][]
	E_USER_NOTICE - Class Smarty_Internal_Data not foun in libraries folder. File: C:\xampp\htdocs\engineWerneck\lib/Smarty_Internal_Data.class.php inexistent CALLED ON ./core\autoloads.php LINE 31 [backtrace: ] [context: Array]
	E_NOTICE - Use of undefined constant DB_CONFIG_USER - assumed 'DB_CONFIG_USER' CALLED ON ./core\Model.class.php LINE 9 [backtrace: ] [context: Array]
	E_NOTICE - Use of undefined constant DB_CONFIG_PASS - assumed 'DB_CONFIG_PASS' CALLED ON ./core\Model.class.php LINE 9 [backtrace: ] [context: Array]
	E_NOTICE - Use of undefined constant DB_CONFIG_HOST - assumed 'DB_CONFIG_HOST' CALLED ON ./core\Model.class.php LINE 9 [backtrace: ] [context: Array]
	E_NOTICE - Use of undefined constant DB_CONFIG_DB - assumed 'DB_CONFIG_DB' CALLED ON ./core\Model.class.php LINE 9 [backtrace: ] [context: Array]
	E_NOTICE - Undefined index: data CALLED ON ./core\Controller.class.php LINE 36 [backtrace: ] [context: Array]
	E_WARNING - Invalid argument supplied for foreach() CALLED ON ./core\Controller.class.php LINE 78 [backtrace: ] [context: Array]
	E_USER_NOTICE - Class Smarty_Internal_Template not foun in libraries folder. File: C:\xampp\htdocs\engineWerneck\lib/Smarty_Internal_Template.class.php inexistent CALLED ON ./core\autoloads.php LINE 31 [backtrace: ] [context: Array]
	E_USER_NOTICE - Class Smarty_Internal_Resource_File not foun in libraries folder. File: C:\xampp\htdocs\engineWerneck\lib/Smarty_Internal_Resource_File.class.php inexistent CALLED ON ./core\autoloads.php LINE 31 [backtrace: ] [context: Array]
[07/12/13 13:31:16][]
	E_USER_NOTICE - Class Smarty_Internal_Data not foun in libraries folder. File: C:\xampp\htdocs\engineWerneck\lib/Smarty_Internal_Data.class.php inexistent CALLED ON ./core\autoloads.php LINE 31 [backtrace: ] [context: Array]
	E_NOTICE - Use of undefined constant DB_CONFIG_USER - assumed 'DB_CONFIG_USER' CALLED ON ./core\Model.class.php LINE 9 [backtrace: ] [context: Array]
	E_NOTICE - Use of undefined constant DB_CONFIG_PASS - assumed 'DB_CONFIG_PASS' CALLED ON ./core\Model.class.php LINE 9 [backtrace: ] [context: Array]
	E_NOTICE - Use of undefined constant DB_CONFIG_HOST - assumed 'DB_CONFIG_HOST' CALLED ON ./core\Model.class.php LINE 9 [backtrace: ] [context: Array]
	E_NOTICE - Use of undefined constant DB_CONFIG_DB - assumed 'DB_CONFIG_DB' CALLED ON ./core\Model.class.php LINE 9 [backtrace: ] [context: Array]
	E_NOTICE - Undefined index: data CALLED ON ./core\Controller.class.php LINE 36 [backtrace: ] [context: Array]
	E_WARNING - Invalid argument supplied for foreach() CALLED ON ./core\Controller.class.php LINE 78 [backtrace: ] [context: Array]
	E_USER_NOTICE - Class Smarty_Internal_Template not foun in libraries folder. File: C:\xampp\htdocs\engineWerneck\lib/Smarty_Internal_Template.class.php inexistent CALLED ON ./core\autoloads.php LINE 31 [backtrace: ] [context: Array]
	E_USER_NOTICE - Class Smarty_Internal_Resource_File not foun in libraries folder. File: C:\xampp\htdocs\engineWerneck\lib/Smarty_Internal_Resource_File.class.php inexistent CALLED ON ./core\autoloads.php LINE 31 [backtrace: ] [context: Array]
[02/02/14 21:29:42][]
	E_USER_NOTICE - Class Smarty_Internal_Data not foun in libraries folder. File: C:\xampp\htdocs\engineWerneck\lib/Smarty_Internal_Data.class.php inexistent CALLED ON ./core\autoloads.php LINE 31 [backtrace: ] [context: Array]
	E_NOTICE - Use of undefined constant DB_CONFIG_USER - assumed 'DB_CONFIG_USER' CALLED ON ./core\Model.class.php LINE 9 [backtrace: ] [context: Array]
	E_NOTICE - Use of undefined constant DB_CONFIG_PASS - assumed 'DB_CONFIG_PASS' CALLED ON ./core\Model.class.php LINE 9 [backtrace: ] [context: Array]
	E_NOTICE - Use of undefined constant DB_CONFIG_HOST - assumed 'DB_CONFIG_HOST' CALLED ON ./core\Model.class.php LINE 9 [backtrace: ] [context: Array]
	E_NOTICE - Use of undefined constant DB_CONFIG_DB - assumed 'DB_CONFIG_DB' CALLED ON ./core\Model.class.php LINE 9 [backtrace: ] [context: Array]
	E_NOTICE - Undefined index: data CALLED ON ./core\Controller.class.php LINE 36 [backtrace: ] [context: Array]
	E_WARNING - Invalid argument supplied for foreach() CALLED ON ./core\Controller.class.php LINE 78 [backtrace: ] [context: Array]
	E_USER_NOTICE - Class Smarty_Internal_Template not foun in libraries folder. File: C:\xampp\htdocs\engineWerneck\lib/Smarty_Internal_Template.class.php inexistent CALLED ON ./core\autoloads.php LINE 31 [backtrace: ] [context: Array]
	E_USER_NOTICE - Class Smarty_Internal_Resource_File not foun in libraries folder. File: C:\xampp\htdocs\engineWerneck\lib/Smarty_Internal_Resource_File.class.php inexistent CALLED ON ./core\autoloads.php LINE 31 [backtrace: ] [context: Array]
[02/02/14 21:29:53][]
	E_USER_NOTICE - Class Smarty_Internal_Data not foun in libraries folder. File: C:\xampp\htdocs\engineWerneck\lib/Smarty_Internal_Data.class.php inexistent CALLED ON ./core\autoloads.php LINE 31 [backtrace: ] [context: Array]
	E_NOTICE - Use of undefined constant DB_CONFIG_USER - assumed 'DB_CONFIG_USER' CALLED ON ./core\Model.class.php LINE 9 [backtrace: ] [context: Array]
	E_NOTICE - Use of undefined constant DB_CONFIG_PASS - assumed 'DB_CONFIG_PASS' CALLED ON ./core\Model.class.php LINE 9 [backtrace: ] [context: Array]
	E_NOTICE - Use of undefined constant DB_CONFIG_HOST - assumed 'DB_CONFIG_HOST' CALLED ON ./core\Model.class.php LINE 9 [backtrace: ] [context: Array]
	E_NOTICE - Use of undefined constant DB_CONFIG_DB - assumed 'DB_CONFIG_DB' CALLED ON ./core\Model.class.php LINE 9 [backtrace: ] [context: Array]
	E_NOTICE - Undefined index: data CALLED ON ./core\Controller.class.php LINE 36 [backtrace: ] [context: Array]
	E_WARNING - Invalid argument supplied for foreach() CALLED ON ./core\Controller.class.php LINE 78 [backtrace: ] [context: Array]
	E_USER_NOTICE - Action inserir inexistente CALLED ON ./core\Controller.class.php LINE 295 [backtrace: ] [context: Array]
	E_USER_WARNING - Variével contendo o nome da view não definida! CALLED ON ./core\View.class.php LINE 223 [backtrace: ] [context: Array]
[02/02/14 21:30:26][]
	E_USER_NOTICE - Class Smarty_Internal_Data not foun in libraries folder. File: C:\xampp\htdocs\engineWerneck\lib/Smarty_Internal_Data.class.php inexistent CALLED ON ./core\autoloads.php LINE 31 [backtrace: ] [context: Array]
	E_NOTICE - Use of undefined constant DB_CONFIG_USER - assumed 'DB_CONFIG_USER' CALLED ON ./core\Model.class.php LINE 9 [backtrace: ] [context: Array]
	E_NOTICE - Use of undefined constant DB_CONFIG_PASS - assumed 'DB_CONFIG_PASS' CALLED ON ./core\Model.class.php LINE 9 [backtrace: ] [context: Array]
	E_NOTICE - Use of undefined constant DB_CONFIG_HOST - assumed 'DB_CONFIG_HOST' CALLED ON ./core\Model.class.php LINE 9 [backtrace: ] [context: Array]
	E_NOTICE - Use of undefined constant DB_CONFIG_DB - assumed 'DB_CONFIG_DB' CALLED ON ./core\Model.class.php LINE 9 [backtrace: ] [context: Array]
	E_NOTICE - Undefined index: data CALLED ON ./core\Controller.class.php LINE 36 [backtrace: ] [context: Array]
	E_WARNING - Invalid argument supplied for foreach() CALLED ON ./core\Controller.class.php LINE 78 [backtrace: ] [context: Array]
	E_USER_NOTICE - Action inserir inexistente CALLED ON ./core\Controller.class.php LINE 295 [backtrace: ] [context: Array]
	E_USER_WARNING - Variével contendo o nome da view não definida! CALLED ON ./core\View.class.php LINE 223 [backtrace: ] [context: Array]
[02/02/14 21:30:38][]
	E_USER_NOTICE - Class Smarty_Internal_Data not foun in libraries folder. File: C:\xampp\htdocs\engineWerneck\lib/Smarty_Internal_Data.class.php inexistent CALLED ON ./core\autoloads.php LINE 31 [backtrace: ] [context: Array]
	E_NOTICE - Use of undefined constant DB_CONFIG_USER - assumed 'DB_CONFIG_USER' CALLED ON ./core\Model.class.php LINE 9 [backtrace: ] [context: Array]
	E_NOTICE - Use of undefined constant DB_CONFIG_PASS - assumed 'DB_CONFIG_PASS' CALLED ON ./core\Model.class.php LINE 9 [backtrace: ] [context: Array]
	E_NOTICE - Use of undefined constant DB_CONFIG_HOST - assumed 'DB_CONFIG_HOST' CALLED ON ./core\Model.class.php LINE 9 [backtrace: ] [context: Array]
	E_NOTICE - Use of undefined constant DB_CONFIG_DB - assumed 'DB_CONFIG_DB' CALLED ON ./core\Model.class.php LINE 9 [backtrace: ] [context: Array]
	E_NOTICE - Undefined index: data CALLED ON ./core\Controller.class.php LINE 36 [backtrace: ] [context: Array]
	E_WARNING - Invalid argument supplied for foreach() CALLED ON ./core\Controller.class.php LINE 78 [backtrace: ] [context: Array]
	E_USER_NOTICE - Action inserir inexistente CALLED ON ./core\Controller.class.php LINE 295 [backtrace: ] [context: Array]
	E_USER_WARNING - Variével contendo o nome da view não definida! CALLED ON ./core\View.class.php LINE 223 [backtrace: ] [context: Array]
[02/02/14 21:39:38][]
	E_USER_NOTICE - Class Smarty_Internal_Data not foun in libraries folder. File: C:\xampp\htdocs\engineWerneck\lib/Smarty_Internal_Data.class.php inexistent CALLED ON ./core\autoloads.php LINE 31 [backtrace: ] [context: Array]
	E_NOTICE - Use of undefined constant DB_CONFIG_USER - assumed 'DB_CONFIG_USER' CALLED ON ./core\Model.class.php LINE 9 [backtrace: ] [context: Array]
	E_NOTICE - Use of undefined constant DB_CONFIG_PASS - assumed 'DB_CONFIG_PASS' CALLED ON ./core\Model.class.php LINE 9 [backtrace: ] [context: Array]
	E_NOTICE - Use of undefined constant DB_CONFIG_HOST - assumed 'DB_CONFIG_HOST' CALLED ON ./core\Model.class.php LINE 9 [backtrace: ] [context: Array]
	E_NOTICE - Use of undefined constant DB_CONFIG_DB - assumed 'DB_CONFIG_DB' CALLED ON ./core\Model.class.php LINE 9 [backtrace: ] [context: Array]
	E_NOTICE - Undefined index: data CALLED ON ./core\Controller.class.php LINE 36 [backtrace: ] [context: Array]
	E_WARNING - Invalid argument supplied for foreach() CALLED ON ./core\Controller.class.php LINE 78 [backtrace: ] [context: Array]
	E_USER_NOTICE - Class Smarty_Internal_Template not foun in libraries folder. File: C:\xampp\htdocs\engineWerneck\lib/Smarty_Internal_Template.class.php inexistent CALLED ON ./core\autoloads.php LINE 31 [backtrace: ] [context: Array]
	E_USER_NOTICE - Class Smarty_Internal_Resource_File not foun in libraries folder. File: C:\xampp\htdocs\engineWerneck\lib/Smarty_Internal_Resource_File.class.php inexistent CALLED ON ./core\autoloads.php LINE 31 [backtrace: ] [context: Array]
[02/02/14 23:46:18][]
	E_USER_NOTICE - Class Smarty_Internal_Data not foun in libraries folder. File: C:\xampp\htdocs\engineWerneck\lib/Smarty_Internal_Data.class.php inexistent CALLED ON ./core\autoloads.php LINE 31 [backtrace: ] [context: Array]
	E_NOTICE - Use of undefined constant DB_CONFIG_USER - assumed 'DB_CONFIG_USER' CALLED ON ./core\Model.class.php LINE 9 [backtrace: ] [context: Array]
	E_NOTICE - Use of undefined constant DB_CONFIG_PASS - assumed 'DB_CONFIG_PASS' CALLED ON ./core\Model.class.php LINE 9 [backtrace: ] [context: Array]
	E_NOTICE - Use of undefined constant DB_CONFIG_HOST - assumed 'DB_CONFIG_HOST' CALLED ON ./core\Model.class.php LINE 9 [backtrace: ] [context: Array]
	E_NOTICE - Use of undefined constant DB_CONFIG_DB - assumed 'DB_CONFIG_DB' CALLED ON ./core\Model.class.php LINE 9 [backtrace: ] [context: Array]
	E_NOTICE - Undefined index: data CALLED ON ./core\Controller.class.php LINE 36 [backtrace: ] [context: Array]
	E_WARNING - Invalid argument supplied for foreach() CALLED ON ./core\Controller.class.php LINE 78 [backtrace: ] [context: Array]
	E_USER_NOTICE - Class Smarty_Internal_Template not foun in libraries folder. File: C:\xampp\htdocs\engineWerneck\lib/Smarty_Internal_Template.class.php inexistent CALLED ON ./core\autoloads.php LINE 31 [backtrace: ] [context: Array]
	E_USER_NOTICE - Class Smarty_Internal_Resource_File not foun in libraries folder. File: C:\xampp\htdocs\engineWerneck\lib/Smarty_Internal_Resource_File.class.php inexistent CALLED ON ./core\autoloads.php LINE 31 [backtrace: ] [context: Array]
[02/02/14 23:46:58][]
	E_USER_NOTICE - Class Smarty_Internal_Data not foun in libraries folder. File: C:\xampp\htdocs\engineWerneck\lib/Smarty_Internal_Data.class.php inexistent CALLED ON ./core\autoloads.php LINE 31 [backtrace: ] [context: Array]
	E_NOTICE - Use of undefined constant DB_CONFIG_USER - assumed 'DB_CONFIG_USER' CALLED ON ./core\Model.class.php LINE 9 [backtrace: ] [context: Array]
	E_NOTICE - Use of undefined constant DB_CONFIG_PASS - assumed 'DB_CONFIG_PASS' CALLED ON ./core\Model.class.php LINE 9 [backtrace: ] [context: Array]
	E_NOTICE - Use of undefined constant DB_CONFIG_HOST - assumed 'DB_CONFIG_HOST' CALLED ON ./core\Model.class.php LINE 9 [backtrace: ] [context: Array]
	E_NOTICE - Use of undefined constant DB_CONFIG_DB - assumed 'DB_CONFIG_DB' CALLED ON ./core\Model.class.php LINE 9 [backtrace: ] [context: Array]
	E_NOTICE - Undefined index: data CALLED ON ./core\Controller.class.php LINE 36 [backtrace: ] [context: Array]
	E_WARNING - Invalid argument supplied for foreach() CALLED ON ./core\Controller.class.php LINE 78 [backtrace: ] [context: Array]
	E_USER_NOTICE - Class Smarty_Internal_Template not foun in libraries folder. File: C:\xampp\htdocs\engineWerneck\lib/Smarty_Internal_Template.class.php inexistent CALLED ON ./core\autoloads.php LINE 31 [backtrace: ] [context: Array]
	E_USER_NOTICE - Class Smarty_Internal_Resource_File not foun in libraries folder. File: C:\xampp\htdocs\engineWerneck\lib/Smarty_Internal_Resource_File.class.php inexistent CALLED ON ./core\autoloads.php LINE 31 [backtrace: ] [context: Array]